<?xml  version="1.0" encoding="UTF-8"?>
<beans xmlns="http://www.springframework.org/schema/beans"
       xmlns:xsi="http://www.w3.org/2001/XMLSchema-instance"
       xmlns:context="http://www.springframework.org/schema/context"
       xmlns:mvc="http://www.springframework.org/schema/mvc"
       xmlns:p="http://www.springframework.org/schema/p"
       xmlns:tx="http://www.springframework.org/schema/tx"
       xsi:schemaLocation="http://www.springframework.org/schema/beans http://www.springframework.org/schema/beans/spring-beans.xsd
                           http://www.springframework.org/schema/context http://www.springframework.org/schema/context/spring-context.xsd
                           http://www.springframework.org/schema/tx http://www.springframework.org/schema/tx/spring-tx.xsd
                           http://www.springframework.org/schema/mvc http://www.springframework.org/schema/mvc/spring-mvc-3.0.xsd">
 
    <!-- Looks for annotations on beans in the same application context it is defined and declares support for all the general annotations 
    like @Autowired, @Resource, @Required, @PostConstruct --> 
    <context:annotation-config />
    
    <!-- Scans recursively the specified package for initializing components -->
    <context:component-scan base-package="kz.ya.webcatalog" />
    
    <!-- Sets Spring context to allow for dispatching requests to Controllers -->
    <mvc:annotation-driven /> 
 
    <!-- Application message bundle -->
    <bean id="messageSource" class="org.springframework.context.support.ReloadableResourceBundleMessageSource">
        <property name="basename" value="classpath:messages" />
        <property name="defaultEncoding" value="UTF-8" />
    </bean>
    
    <!-- Configure datasource -->
    <bean id="dataSource" class="com.mchange.v2.c3p0.ComboPooledDataSource"
          destroy-method="close"
          p:driverClass="org.h2.Driver"
          p:jdbcUrl="jdbc:h2:mem:web_catalog;MODE=PostgreSQL;DB_CLOSE_DELAY=-1;DB_CLOSE_ON_EXIT=FALSE"
          p:user="wcuser"
          p:password="wcpass"
          p:acquireIncrement="5"
          p:idleConnectionTestPeriod="60"
          p:maxPoolSize="100"
          p:maxStatements="50"
          p:minPoolSize="10" />
 
    <!-- Configure Session factory -->
    <bean id="sessionFactory" class="org.springframework.orm.hibernate3.LocalSessionFactoryBean">
        <property name="dataSource" ref="dataSource" />
        <property name="configLocation">
            <value>classpath:hibernate.cfg.xml</value>
        </property>
        <property name="configurationClass">
            <value>org.hibernate.cfg.AnnotationConfiguration</value>
        </property>
        <property name="hibernateProperties">
            <props>
                <prop key="hibernate.dialect">org.hibernate.dialect.H2Dialect</prop>
                <prop key="hibernate.show_sql">true</prop>
                <prop key="hibernate.hbm2ddl.auto">create-drop</prop>
            </props>
        </property>
    </bean>
    
    <!-- Include beans -->
    <bean id="productDAO" class="kz.ya.webcatalog.dao.ProductDAOImpl"></bean>
    <bean id="categoryDAO" class="kz.ya.webcatalog.dao.CategoryDAOImpl"></bean>
    <bean id="productService" class="kz.ya.webcatalog.service.ProductServiceImpl"></bean>
    <bean id="categoryService" class="kz.ya.webcatalog.service.CategoryServiceImpl"></bean>
 
    <!-- Responsible for registering the necessary Spring components that power annotation-driven transaction management -->
    <tx:annotation-driven />
    
    <!-- Enables Spring's annotation-driven transaction management capability -->
    <bean id="transactionManager" class="org.springframework.orm.hibernate3.HibernateTransactionManager">
        <property name="sessionFactory" ref="sessionFactory" />
    </bean>
</beans>